{"synthetic": false,
 "schemaVersion": "2025-09-10",
 "outputs": null,
 "log":
 [{"message":
   ".> ELAN=elan ELAN_HOME=/home/js/.elan ELAN_TOOLCHAIN=leanprover/lean4:v4.27.0-rc1 LAKE=/home/js/.elan/toolchains/leanprover--lean4---v4.27.0-rc1/bin/lake LAKE_HOME=/home/js/.elan/toolchains/leanprover--lean4---v4.27.0-rc1 LAKE_PKG_URL_MAP={} LAKE_NO_CACHE=false LAKE_ARTIFACT_CACHE=false LAKE_CACHE_KEY= LAKE_CACHE_ARTIFACT_ENDPOINT= LAKE_CACHE_REVISION_ENDPOINT= LEAN=/home/js/.elan/toolchains/leanprover--lean4---v4.27.0-rc1/bin/lean LEAN_SYSROOT=/home/js/.elan/toolchains/leanprover--lean4---v4.27.0-rc1 LEAN_AR=/home/js/.elan/toolchains/leanprover--lean4---v4.27.0-rc1/bin/llvm-ar LEAN_CC= LAKE_CACHE_DIR=/home/js/.elan/toolchains/leanprover--lean4---v4.27.0-rc1/lake/cache LEAN_PATH=/home/js/GumbelLPP/.lake/packages/batteries/.lake/build/lib/lean:/home/js/GumbelLPP/.lake/packages/Qq/.lake/build/lib/lean:/home/js/GumbelLPP/.lake/packages/aesop/.lake/build/lib/lean:/home/js/GumbelLPP/.lake/packages/proofwidgets/.lake/build/lib/lean:/home/js/GumbelLPP/.lake/packages/importGraph/.lake/build/lib/lean:/home/js/GumbelLPP/.lake/packages/LeanSearchClient/.lake/build/lib/lean:/home/js/GumbelLPP/.lake/packages/plausible/.lake/build/lib/lean:/home/js/GumbelLPP/.lake/packages/MD4Lean/.lake/build/lib/lean:/home/js/GumbelLPP/.lake/packages/BibtexQuery/.lake/build/lib/lean:/home/js/GumbelLPP/.lake/packages/UnicodeBasic/.lake/build/lib/lean:/home/js/GumbelLPP/.lake/packages/Cli/.lake/build/lib/lean:/home/js/GumbelLPP/.lake/packages/mathlib/.lake/build/lib/lean:/home/js/GumbelLPP/.lake/packages/checkdecls/.lake/build/lib/lean:/home/js/GumbelLPP/.lake/packages/doc-gen4/.lake/build/lib/lean:/home/js/GumbelLPP/.lake/build/lib/lean:/home/js/.elan/toolchains/leanprover--lean4---v4.27.0-rc1/lib/lean LEAN_SRC_PATH=/home/js/GumbelLPP/.lake/packages/batteries:/home/js/GumbelLPP/.lake/packages/batteries:/home/js/GumbelLPP/.lake/packages/Qq:/home/js/GumbelLPP/.lake/packages/Qq:/home/js/GumbelLPP/.lake/packages/aesop:/home/js/GumbelLPP/.lake/packages/aesop:/home/js/GumbelLPP/.lake/packages/proofwidgets:/home/js/GumbelLPP/.lake/packages/proofwidgets:/home/js/GumbelLPP/.lake/packages/proofwidgets:/home/js/GumbelLPP/.lake/packages/importGraph:/home/js/GumbelLPP/.lake/packages/importGraph:/home/js/GumbelLPP/.lake/packages/LeanSearchClient:/home/js/GumbelLPP/.lake/packages/LeanSearchClient:/home/js/GumbelLPP/.lake/packages/plausible:/home/js/GumbelLPP/.lake/packages/plausible:/home/js/GumbelLPP/.lake/packages/MD4Lean:/home/js/GumbelLPP/.lake/packages/MD4Lean:/home/js/GumbelLPP/.lake/packages/BibtexQuery:/home/js/GumbelLPP/.lake/packages/UnicodeBasic:/home/js/GumbelLPP/.lake/packages/UnicodeBasic:/home/js/GumbelLPP/.lake/packages/Cli:/home/js/GumbelLPP/.lake/packages/Cli:/home/js/GumbelLPP/.lake/packages/mathlib:/home/js/GumbelLPP/.lake/packages/mathlib:/home/js/GumbelLPP/.lake/packages/mathlib:/home/js/GumbelLPP/.lake/packages/mathlib:/home/js/GumbelLPP/.lake/packages/mathlib:/home/js/GumbelLPP/.lake/packages/mathlib:/home/js/GumbelLPP/.lake/packages/mathlib:/home/js/GumbelLPP/.lake/packages/doc-gen4:/home/js/GumbelLPP:/home/js/.elan/toolchains/leanprover--lean4---v4.27.0-rc1/src/lean/lake LEAN_GITHASH=2fcce7258eeb6e324366bc25f9058293b04b7547 PATH LD_LIBRARY_PATH=/home/js/.elan/toolchains/leanprover--lean4---v4.27.0-rc1/lib/lean:/home/js/.elan/toolchains/leanprover--lean4---v4.27.0-rc1/lib:/home/js/GumbelLPP/.lake/build/lib:/home/js/GumbelLPP/.lake/packages/doc-gen4/.lake/build/lib:/home/js/GumbelLPP/.lake/packages/checkdecls/.lake/build/lib:/home/js/GumbelLPP/.lake/packages/mathlib/.lake/build/lib:/home/js/GumbelLPP/.lake/packages/Cli/.lake/build/lib:/home/js/GumbelLPP/.lake/packages/UnicodeBasic/.lake/build/lib:/home/js/GumbelLPP/.lake/packages/BibtexQuery/.lake/build/lib:/home/js/GumbelLPP/.lake/packages/MD4Lean/.lake/build/lib:/home/js/GumbelLPP/.lake/packages/plausible/.lake/build/lib:/home/js/GumbelLPP/.lake/packages/LeanSearchClient/.lake/build/lib:/home/js/GumbelLPP/.lake/packages/importGraph/.lake/build/lib:/home/js/GumbelLPP/.lake/packages/proofwidgets/.lake/build/lib:/home/js/GumbelLPP/.lake/packages/aesop/.lake/build/lib:/home/js/GumbelLPP/.lake/packages/Qq/.lake/build/lib:/home/js/GumbelLPP/.lake/packages/batteries/.lake/build/lib /home/js/GumbelLPP/.lake/packages/doc-gen4/.lake/build/bin/doc-gen4 single --build /home/js/GumbelLPP/.lake/build Aesop.Tree.ExtractProof https://github.com/leanprover-community/aesop/blob/fb12f5535c80e40119286d9575c9393562252d21/Aesop/Tree/ExtractProof.lean",
   "level": "trace"}],
 "inputs":
 [["<collection>",
   [["/home/js/GumbelLPP/.lake/build/doc/Aesop/Tracing.html",
     "857e18a8e2a0c2aa"],
    ["/home/js/GumbelLPP/.lake/build/doc/Aesop/Tree/TreeM.html",
     "8083fc09ad9ecad0"],
    ["/home/js/GumbelLPP/.lake/build/doc/Batteries/Lean/Meta/InstantiateMVars.html",
     "f478fdb540c38758"]]],
  ["/home/js/GumbelLPP/.lake/build/doc-data/references.json",
   "a50f2257f35adb49"],
  ["/home/js/GumbelLPP/.lake/packages/doc-gen4/.lake/build/bin/doc-gen4",
   "6dec7dbc8818689a"],
  ["Aesop.Tree.ExtractProof:leanArts", "a0c7daae6ec3bf12"]],
 "depHash": "be4957766a0c9abd"}