{"synthetic": false,
 "schemaVersion": "2025-09-10",
 "outputs": null,
 "log":
 [{"message":
   ".> ELAN=elan ELAN_HOME=/home/js/.elan ELAN_TOOLCHAIN=leanprover/lean4:v4.27.0-rc1 LAKE=/home/js/.elan/toolchains/leanprover--lean4---v4.27.0-rc1/bin/lake LAKE_HOME=/home/js/.elan/toolchains/leanprover--lean4---v4.27.0-rc1 LAKE_PKG_URL_MAP={} LAKE_NO_CACHE=false LAKE_ARTIFACT_CACHE=false LAKE_CACHE_KEY= LAKE_CACHE_ARTIFACT_ENDPOINT= LAKE_CACHE_REVISION_ENDPOINT= LEAN=/home/js/.elan/toolchains/leanprover--lean4---v4.27.0-rc1/bin/lean LEAN_SYSROOT=/home/js/.elan/toolchains/leanprover--lean4---v4.27.0-rc1 LEAN_AR=/home/js/.elan/toolchains/leanprover--lean4---v4.27.0-rc1/bin/llvm-ar LEAN_CC= LAKE_CACHE_DIR=/home/js/.elan/toolchains/leanprover--lean4---v4.27.0-rc1/lake/cache LEAN_PATH=/home/js/GumbelLPP/.lake/packages/batteries/.lake/build/lib/lean:/home/js/GumbelLPP/.lake/packages/Qq/.lake/build/lib/lean:/home/js/GumbelLPP/.lake/packages/aesop/.lake/build/lib/lean:/home/js/GumbelLPP/.lake/packages/proofwidgets/.lake/build/lib/lean:/home/js/GumbelLPP/.lake/packages/importGraph/.lake/build/lib/lean:/home/js/GumbelLPP/.lake/packages/LeanSearchClient/.lake/build/lib/lean:/home/js/GumbelLPP/.lake/packages/plausible/.lake/build/lib/lean:/home/js/GumbelLPP/.lake/packages/MD4Lean/.lake/build/lib/lean:/home/js/GumbelLPP/.lake/packages/BibtexQuery/.lake/build/lib/lean:/home/js/GumbelLPP/.lake/packages/UnicodeBasic/.lake/build/lib/lean:/home/js/GumbelLPP/.lake/packages/Cli/.lake/build/lib/lean:/home/js/GumbelLPP/.lake/packages/mathlib/.lake/build/lib/lean:/home/js/GumbelLPP/.lake/packages/checkdecls/.lake/build/lib/lean:/home/js/GumbelLPP/.lake/packages/doc-gen4/.lake/build/lib/lean:/home/js/GumbelLPP/.lake/build/lib/lean:/home/js/.elan/toolchains/leanprover--lean4---v4.27.0-rc1/lib/lean LEAN_SRC_PATH=/home/js/GumbelLPP/.lake/packages/batteries:/home/js/GumbelLPP/.lake/packages/batteries:/home/js/GumbelLPP/.lake/packages/Qq:/home/js/GumbelLPP/.lake/packages/Qq:/home/js/GumbelLPP/.lake/packages/aesop:/home/js/GumbelLPP/.lake/packages/aesop:/home/js/GumbelLPP/.lake/packages/proofwidgets:/home/js/GumbelLPP/.lake/packages/proofwidgets:/home/js/GumbelLPP/.lake/packages/proofwidgets:/home/js/GumbelLPP/.lake/packages/importGraph:/home/js/GumbelLPP/.lake/packages/importGraph:/home/js/GumbelLPP/.lake/packages/LeanSearchClient:/home/js/GumbelLPP/.lake/packages/LeanSearchClient:/home/js/GumbelLPP/.lake/packages/plausible:/home/js/GumbelLPP/.lake/packages/plausible:/home/js/GumbelLPP/.lake/packages/MD4Lean:/home/js/GumbelLPP/.lake/packages/MD4Lean:/home/js/GumbelLPP/.lake/packages/BibtexQuery:/home/js/GumbelLPP/.lake/packages/UnicodeBasic:/home/js/GumbelLPP/.lake/packages/UnicodeBasic:/home/js/GumbelLPP/.lake/packages/Cli:/home/js/GumbelLPP/.lake/packages/Cli:/home/js/GumbelLPP/.lake/packages/mathlib:/home/js/GumbelLPP/.lake/packages/mathlib:/home/js/GumbelLPP/.lake/packages/mathlib:/home/js/GumbelLPP/.lake/packages/mathlib:/home/js/GumbelLPP/.lake/packages/mathlib:/home/js/GumbelLPP/.lake/packages/mathlib:/home/js/GumbelLPP/.lake/packages/mathlib:/home/js/GumbelLPP/.lake/packages/doc-gen4:/home/js/GumbelLPP:/home/js/.elan/toolchains/leanprover--lean4---v4.27.0-rc1/src/lean/lake LEAN_GITHASH=2fcce7258eeb6e324366bc25f9058293b04b7547 PATH LD_LIBRARY_PATH=/home/js/.elan/toolchains/leanprover--lean4---v4.27.0-rc1/lib/lean:/home/js/.elan/toolchains/leanprover--lean4---v4.27.0-rc1/lib:/home/js/GumbelLPP/.lake/build/lib:/home/js/GumbelLPP/.lake/packages/doc-gen4/.lake/build/lib:/home/js/GumbelLPP/.lake/packages/checkdecls/.lake/build/lib:/home/js/GumbelLPP/.lake/packages/mathlib/.lake/build/lib:/home/js/GumbelLPP/.lake/packages/Cli/.lake/build/lib:/home/js/GumbelLPP/.lake/packages/UnicodeBasic/.lake/build/lib:/home/js/GumbelLPP/.lake/packages/BibtexQuery/.lake/build/lib:/home/js/GumbelLPP/.lake/packages/MD4Lean/.lake/build/lib:/home/js/GumbelLPP/.lake/packages/plausible/.lake/build/lib:/home/js/GumbelLPP/.lake/packages/LeanSearchClient/.lake/build/lib:/home/js/GumbelLPP/.lake/packages/importGraph/.lake/build/lib:/home/js/GumbelLPP/.lake/packages/proofwidgets/.lake/build/lib:/home/js/GumbelLPP/.lake/packages/aesop/.lake/build/lib:/home/js/GumbelLPP/.lake/packages/Qq/.lake/build/lib:/home/js/GumbelLPP/.lake/packages/batteries/.lake/build/lib /home/js/GumbelLPP/.lake/packages/doc-gen4/.lake/build/bin/doc-gen4 single --build /home/js/GumbelLPP/.lake/build Mathlib.Algebra.BigOperators.Finprod https://github.com/leanprover-community/mathlib4/blob/32d24245c7a12ded17325299fd41d412022cd3fe/Mathlib/Algebra/BigOperators/Finprod.lean",
   "level": "trace"}],
 "inputs":
 [["<collection>",
   [["/home/js/GumbelLPP/.lake/build/doc/Mathlib/Algebra/BigOperators/Pi.html",
     "ad428619334fcff6"],
    ["/home/js/GumbelLPP/.lake/build/doc/Mathlib/Algebra/Group/Indicator.html",
     "25b7ca2ed8981a45"],
    ["/home/js/GumbelLPP/.lake/build/doc/Mathlib/Algebra/Group/Support.html",
     "07a5f8a17b05de2e"],
    ["/home/js/GumbelLPP/.lake/build/doc/Mathlib/Algebra/NoZeroSMulDivisors/Basic.html",
     "69bddfbeca0a33c5"],
    ["/home/js/GumbelLPP/.lake/build/doc/Mathlib/Algebra/Notation/FiniteSupport.html",
     "cdb8fc3c8342fdd8"],
    ["/home/js/GumbelLPP/.lake/build/doc/Mathlib/Algebra/Order/BigOperators/Group/Finset.html",
     "73c5909ea0bbda25"],
    ["/home/js/GumbelLPP/.lake/build/doc/Mathlib/Algebra/Order/Ring/Defs.html",
     "a745cb57893964ed"],
    ["/home/js/GumbelLPP/.lake/build/doc/Mathlib/Data/Set/Finite/Lattice.html",
     "80e68b438df0c5b8"]]],
  ["/home/js/GumbelLPP/.lake/build/doc-data/references.json",
   "a50f2257f35adb49"],
  ["/home/js/GumbelLPP/.lake/packages/doc-gen4/.lake/build/bin/doc-gen4",
   "6dec7dbc8818689a"],
  ["Mathlib.Algebra.BigOperators.Finprod:leanArts", "70b08254fdb7ee0c"]],
 "depHash": "5cb7cfd0344ba829"}