{"synthetic": false,
 "schemaVersion": "2025-09-10",
 "outputs":
 {"o": ["57a5ae2396d0ba82.olean"],
  "i": "2bf466d418dff22b.ilean",
  "c": "03e8e4d0de10ede5.c"},
 "log":
 [{"message":
   ".> LEAN_PATH=/home/js/GumbelLPP/.lake/packages/batteries/.lake/build/lib/lean:/home/js/GumbelLPP/.lake/packages/Qq/.lake/build/lib/lean:/home/js/GumbelLPP/.lake/packages/aesop/.lake/build/lib/lean:/home/js/GumbelLPP/.lake/packages/proofwidgets/.lake/build/lib/lean:/home/js/GumbelLPP/.lake/packages/importGraph/.lake/build/lib/lean:/home/js/GumbelLPP/.lake/packages/LeanSearchClient/.lake/build/lib/lean:/home/js/GumbelLPP/.lake/packages/plausible/.lake/build/lib/lean:/home/js/GumbelLPP/.lake/packages/MD4Lean/.lake/build/lib/lean:/home/js/GumbelLPP/.lake/packages/BibtexQuery/.lake/build/lib/lean:/home/js/GumbelLPP/.lake/packages/UnicodeBasic/.lake/build/lib/lean:/home/js/GumbelLPP/.lake/packages/Cli/.lake/build/lib/lean:/home/js/GumbelLPP/.lake/packages/mathlib/.lake/build/lib/lean:/home/js/GumbelLPP/.lake/packages/checkdecls/.lake/build/lib/lean:/home/js/GumbelLPP/.lake/packages/doc-gen4/.lake/build/lib/lean:/home/js/GumbelLPP/.lake/build/lib/lean /home/js/.elan/toolchains/leanprover--lean4---v4.27.0-rc1/bin/lean /home/js/GumbelLPP/GumbelLPP.lean -o /home/js/GumbelLPP/.lake/build/lib/lean/GumbelLPP.olean -i /home/js/GumbelLPP/.lake/build/lib/lean/GumbelLPP.ilean -c /home/js/GumbelLPP/.lake/build/ir/GumbelLPP.c --setup /home/js/GumbelLPP/.lake/build/ir/GumbelLPP.setup.json --json",
   "level": "trace"}],
 "inputs":
 [["GumbelLPP:deps",
   [["deps",
     [["GumbelLPP/GumbelLPP:extraDep",
       [["@GumbelLPP:extraDep", "00000000000006bb"]]],
      ["imports",
       [["GumbelLPP.GumbelLPP transitive imports (legacy)", "9b5f6e3961796955"],
        ["GumbelLPP.GumbelLPP:importAllArts", "84169f30c8ad957b"]]]]],
    ["libs",
     [["import dynlibs", "00000000000006bb"],
      ["package external libraries", "00000000000006bb"],
      ["module dynlibs", "00000000000006bb"],
      ["module plugins", "00000000000006bb"]]]]],
  ["Lean 4.27.0, commit 2fcce7258eeb6e324366bc25f9058293b04b7547",
   "6f43b597efea5d4c"],
  ["/home/js/GumbelLPP/GumbelLPP.lean", "221d6fc783cdc344"],
  ["options",
   [["-DmaxSynthPendingDepth=3", "c78e353d34de85d4"],
    ["-Dweak.linter.mathlibStandardSet=true", "8a155799906f2b42"],
    ["-DrelaxedAutoImplicit=false", "74a2b5546b55be80"],
    ["-Dpp.unicode.fun=true", "9b94070140457fab"]]],
  ["Module.leanArgs: #[]", "00000000000006bb"]],
 "depHash": "1e8cc015e5e9acf2"}