{"synthetic": false,
 "schemaVersion": "2025-09-10",
 "outputs": null,
 "log":
 [{"message":
   ".> ELAN=elan ELAN_HOME=/home/js/.elan ELAN_TOOLCHAIN=leanprover/lean4:v4.27.0-rc1 LAKE=/home/js/.elan/toolchains/leanprover--lean4---v4.27.0-rc1/bin/lake LAKE_HOME=/home/js/.elan/toolchains/leanprover--lean4---v4.27.0-rc1 LAKE_PKG_URL_MAP={} LAKE_NO_CACHE=false LAKE_ARTIFACT_CACHE=false LAKE_CACHE_KEY= LAKE_CACHE_ARTIFACT_ENDPOINT= LAKE_CACHE_REVISION_ENDPOINT= LEAN=/home/js/.elan/toolchains/leanprover--lean4---v4.27.0-rc1/bin/lean LEAN_SYSROOT=/home/js/.elan/toolchains/leanprover--lean4---v4.27.0-rc1 LEAN_AR=/home/js/.elan/toolchains/leanprover--lean4---v4.27.0-rc1/bin/llvm-ar LEAN_CC= LAKE_CACHE_DIR=/home/js/.elan/toolchains/leanprover--lean4---v4.27.0-rc1/lake/cache LEAN_PATH=/home/js/GumbelLPP/.lake/packages/batteries/.lake/build/lib/lean:/home/js/GumbelLPP/.lake/packages/Qq/.lake/build/lib/lean:/home/js/GumbelLPP/.lake/packages/aesop/.lake/build/lib/lean:/home/js/GumbelLPP/.lake/packages/proofwidgets/.lake/build/lib/lean:/home/js/GumbelLPP/.lake/packages/importGraph/.lake/build/lib/lean:/home/js/GumbelLPP/.lake/packages/LeanSearchClient/.lake/build/lib/lean:/home/js/GumbelLPP/.lake/packages/plausible/.lake/build/lib/lean:/home/js/GumbelLPP/.lake/packages/MD4Lean/.lake/build/lib/lean:/home/js/GumbelLPP/.lake/packages/BibtexQuery/.lake/build/lib/lean:/home/js/GumbelLPP/.lake/packages/UnicodeBasic/.lake/build/lib/lean:/home/js/GumbelLPP/.lake/packages/Cli/.lake/build/lib/lean:/home/js/GumbelLPP/.lake/packages/mathlib/.lake/build/lib/lean:/home/js/GumbelLPP/.lake/packages/checkdecls/.lake/build/lib/lean:/home/js/GumbelLPP/.lake/packages/doc-gen4/.lake/build/lib/lean:/home/js/GumbelLPP/.lake/build/lib/lean:/home/js/.elan/toolchains/leanprover--lean4---v4.27.0-rc1/lib/lean LEAN_SRC_PATH=/home/js/GumbelLPP/.lake/packages/batteries:/home/js/GumbelLPP/.lake/packages/batteries:/home/js/GumbelLPP/.lake/packages/Qq:/home/js/GumbelLPP/.lake/packages/Qq:/home/js/GumbelLPP/.lake/packages/aesop:/home/js/GumbelLPP/.lake/packages/aesop:/home/js/GumbelLPP/.lake/packages/proofwidgets:/home/js/GumbelLPP/.lake/packages/proofwidgets:/home/js/GumbelLPP/.lake/packages/proofwidgets:/home/js/GumbelLPP/.lake/packages/importGraph:/home/js/GumbelLPP/.lake/packages/importGraph:/home/js/GumbelLPP/.lake/packages/LeanSearchClient:/home/js/GumbelLPP/.lake/packages/LeanSearchClient:/home/js/GumbelLPP/.lake/packages/plausible:/home/js/GumbelLPP/.lake/packages/plausible:/home/js/GumbelLPP/.lake/packages/MD4Lean:/home/js/GumbelLPP/.lake/packages/MD4Lean:/home/js/GumbelLPP/.lake/packages/BibtexQuery:/home/js/GumbelLPP/.lake/packages/UnicodeBasic:/home/js/GumbelLPP/.lake/packages/UnicodeBasic:/home/js/GumbelLPP/.lake/packages/Cli:/home/js/GumbelLPP/.lake/packages/Cli:/home/js/GumbelLPP/.lake/packages/mathlib:/home/js/GumbelLPP/.lake/packages/mathlib:/home/js/GumbelLPP/.lake/packages/mathlib:/home/js/GumbelLPP/.lake/packages/mathlib:/home/js/GumbelLPP/.lake/packages/mathlib:/home/js/GumbelLPP/.lake/packages/mathlib:/home/js/GumbelLPP/.lake/packages/mathlib:/home/js/GumbelLPP/.lake/packages/doc-gen4:/home/js/GumbelLPP:/home/js/.elan/toolchains/leanprover--lean4---v4.27.0-rc1/src/lean/lake LEAN_GITHASH=2fcce7258eeb6e324366bc25f9058293b04b7547 PATH LD_LIBRARY_PATH=/home/js/.elan/toolchains/leanprover--lean4---v4.27.0-rc1/lib/lean:/home/js/.elan/toolchains/leanprover--lean4---v4.27.0-rc1/lib:/home/js/GumbelLPP/.lake/build/lib:/home/js/GumbelLPP/.lake/packages/doc-gen4/.lake/build/lib:/home/js/GumbelLPP/.lake/packages/checkdecls/.lake/build/lib:/home/js/GumbelLPP/.lake/packages/mathlib/.lake/build/lib:/home/js/GumbelLPP/.lake/packages/Cli/.lake/build/lib:/home/js/GumbelLPP/.lake/packages/UnicodeBasic/.lake/build/lib:/home/js/GumbelLPP/.lake/packages/BibtexQuery/.lake/build/lib:/home/js/GumbelLPP/.lake/packages/MD4Lean/.lake/build/lib:/home/js/GumbelLPP/.lake/packages/plausible/.lake/build/lib:/home/js/GumbelLPP/.lake/packages/LeanSearchClient/.lake/build/lib:/home/js/GumbelLPP/.lake/packages/importGraph/.lake/build/lib:/home/js/GumbelLPP/.lake/packages/proofwidgets/.lake/build/lib:/home/js/GumbelLPP/.lake/packages/aesop/.lake/build/lib:/home/js/GumbelLPP/.lake/packages/Qq/.lake/build/lib:/home/js/GumbelLPP/.lake/packages/batteries/.lake/build/lib /home/js/GumbelLPP/.lake/packages/doc-gen4/.lake/build/bin/doc-gen4 single --build /home/js/GumbelLPP/.lake/build Mathlib.Data.Fintype.BigOperators https://github.com/leanprover-community/mathlib4/blob/32d24245c7a12ded17325299fd41d412022cd3fe/Mathlib/Data/Fintype/BigOperators.lean",
   "level": "trace"}],
 "inputs":
 [["<collection>",
   [["/home/js/GumbelLPP/.lake/build/doc/Mathlib/Algebra/BigOperators/Group/Finset/Piecewise.html",
     "e52f997263f96a36"],
    ["/home/js/GumbelLPP/.lake/build/doc/Mathlib/Algebra/BigOperators/Group/Finset/Sigma.html",
     "9b9c9ef7667ac1cf"],
    ["/home/js/GumbelLPP/.lake/build/doc/Mathlib/Algebra/BigOperators/Option.html",
     "c51f384e670f7c3e"],
    ["/home/js/GumbelLPP/.lake/build/doc/Mathlib/Data/Fintype/Option.html",
     "52d6979b11907d52"],
    ["/home/js/GumbelLPP/.lake/build/doc/Mathlib/Data/Fintype/Prod.html",
     "17bd124fdbd51ee2"],
    ["/home/js/GumbelLPP/.lake/build/doc/Mathlib/Data/Fintype/Sigma.html",
     "7019abcd13a89d72"],
    ["/home/js/GumbelLPP/.lake/build/doc/Mathlib/Data/Fintype/Sum.html",
     "2541201157360316"],
    ["/home/js/GumbelLPP/.lake/build/doc/Mathlib/Data/Fintype/Vector.html",
     "a3fba13bbbdd63c4"]]],
  ["/home/js/GumbelLPP/.lake/build/doc-data/references.json",
   "a50f2257f35adb49"],
  ["/home/js/GumbelLPP/.lake/packages/doc-gen4/.lake/build/bin/doc-gen4",
   "6dec7dbc8818689a"],
  ["Mathlib.Data.Fintype.BigOperators:leanArts", "a2e417e4a86a92b3"]],
 "depHash": "d0bc9e08e06487ae"}