{"synthetic": false,
 "schemaVersion": "2025-09-10",
 "outputs":
 {"o": ["907e49c6bfc6a8ec.olean"],
  "i": "ee84cd4a9e529538.ilean",
  "c": "88f4d377d7089edd.c"},
 "log":
 [{"message":
   ".> LEAN_PATH=/home/js/GumbelLPP/.lake/packages/Cli/.lake/build/lib/lean:/home/js/GumbelLPP/.lake/packages/batteries/.lake/build/lib/lean:/home/js/GumbelLPP/.lake/packages/Qq/.lake/build/lib/lean:/home/js/GumbelLPP/.lake/packages/aesop/.lake/build/lib/lean:/home/js/GumbelLPP/.lake/packages/proofwidgets/.lake/build/lib/lean:/home/js/GumbelLPP/.lake/packages/importGraph/.lake/build/lib/lean:/home/js/GumbelLPP/.lake/packages/LeanSearchClient/.lake/build/lib/lean:/home/js/GumbelLPP/.lake/packages/plausible/.lake/build/lib/lean:/home/js/GumbelLPP/.lake/packages/mathlib/.lake/build/lib/lean:/home/js/GumbelLPP/.lake/build/lib/lean /home/js/.elan/toolchains/leanprover--lean4---v4.27.0-rc1/bin/lean /home/js/GumbelLPP/GumbelLPP/Basic.lean -o /home/js/GumbelLPP/.lake/build/lib/lean/GumbelLPP/Basic.olean -i /home/js/GumbelLPP/.lake/build/lib/lean/GumbelLPP/Basic.ilean -c /home/js/GumbelLPP/.lake/build/ir/GumbelLPP/Basic.c --setup /home/js/GumbelLPP/.lake/build/ir/GumbelLPP/Basic.setup.json --json",
   "level": "trace"}],
 "inputs":
 [["GumbelLPP.Basic:deps",
   [["deps",
     [["GumbelLPP/GumbelLPP:extraDep",
       [["@GumbelLPP:extraDep", "00000000000006bb"]]],
      ["imports", "00000000000006bb"]]],
    ["libs",
     [["import dynlibs", "00000000000006bb"],
      ["package external libraries", "00000000000006bb"],
      ["module dynlibs", "00000000000006bb"],
      ["module plugins", "00000000000006bb"]]]]],
  ["Lean 4.27.0, commit 2fcce7258eeb6e324366bc25f9058293b04b7547",
   "6f43b597efea5d4c"],
  ["/home/js/GumbelLPP/GumbelLPP/Basic.lean", "fb8d37be36883ee0"],
  ["options",
   [["-DmaxSynthPendingDepth=3", "c78e353d34de85d4"],
    ["-Dweak.linter.mathlibStandardSet=true", "8a155799906f2b42"],
    ["-DrelaxedAutoImplicit=false", "74a2b5546b55be80"],
    ["-Dpp.unicode.fun=true", "9b94070140457fab"]]],
  ["Module.leanArgs: #[]", "00000000000006bb"]],
 "depHash": "1133ae76f0f6f7c9"}