{"synthetic": false,
 "schemaVersion": "2025-09-10",
 "outputs":
 {"o": ["c47dd2beb3b82a67.olean"],
  "i": "c1803d4308aed220.ilean",
  "c": "dfe4bbd9567b7d12.c"},
 "log":
 [{"message":
   ".> LEAN_PATH=/home/js/GumbelLPP/.lake/packages/batteries/.lake/build/lib/lean:/home/js/GumbelLPP/.lake/packages/Qq/.lake/build/lib/lean:/home/js/GumbelLPP/.lake/packages/aesop/.lake/build/lib/lean:/home/js/GumbelLPP/.lake/packages/proofwidgets/.lake/build/lib/lean:/home/js/GumbelLPP/.lake/packages/importGraph/.lake/build/lib/lean:/home/js/GumbelLPP/.lake/packages/LeanSearchClient/.lake/build/lib/lean:/home/js/GumbelLPP/.lake/packages/plausible/.lake/build/lib/lean:/home/js/GumbelLPP/.lake/packages/MD4Lean/.lake/build/lib/lean:/home/js/GumbelLPP/.lake/packages/BibtexQuery/.lake/build/lib/lean:/home/js/GumbelLPP/.lake/packages/UnicodeBasic/.lake/build/lib/lean:/home/js/GumbelLPP/.lake/packages/Cli/.lake/build/lib/lean:/home/js/GumbelLPP/.lake/packages/mathlib/.lake/build/lib/lean:/home/js/GumbelLPP/.lake/packages/checkdecls/.lake/build/lib/lean:/home/js/GumbelLPP/.lake/packages/doc-gen4/.lake/build/lib/lean:/home/js/GumbelLPP/.lake/build/lib/lean /home/js/.elan/toolchains/leanprover--lean4---v4.27.0-rc1/bin/lean /home/js/GumbelLPP/GumbelLPP/GridPaths.lean -o /home/js/GumbelLPP/.lake/build/lib/lean/GumbelLPP/GridPaths.olean -i /home/js/GumbelLPP/.lake/build/lib/lean/GumbelLPP/GridPaths.ilean -c /home/js/GumbelLPP/.lake/build/ir/GumbelLPP/GridPaths.c --setup /home/js/GumbelLPP/.lake/build/ir/GumbelLPP/GridPaths.setup.json --json",
   "level": "trace"},
  {"message":
   "GumbelLPP/GridPaths.lean:29:0: This line exceeds the 100 character limit, please shorten it!\n\nNote: This linter can be disabled with `set_option linter.style.longLine false`",
   "level": "warning"},
  {"message":
   "GumbelLPP/GridPaths.lean:49:81: aesop: failed to prove the goal after exhaustive search.",
   "level": "warning"},
  {"message":
   "GumbelLPP/GridPaths.lean:50:24: aesop: failed to prove the goal after exhaustive search.",
   "level": "warning"},
  {"message":
   "GumbelLPP/GridPaths.lean:58:40: aesop: failed to prove the goal after exhaustive search.",
   "level": "warning"},
  {"message":
   "GumbelLPP/GridPaths.lean:61:44: aesop: failed to prove the goal after exhaustive search.",
   "level": "warning"},
  {"message":
   "GumbelLPP/GridPaths.lean:62:29: aesop: failed to prove the goal after exhaustive search.",
   "level": "warning"},
  {"message":
   "GumbelLPP/GridPaths.lean:64:29: aesop: failed to prove the goal after exhaustive search.",
   "level": "warning"},
  {"message":
   "GumbelLPP/GridPaths.lean:70:46: aesop: failed to prove the goal after exhaustive search.",
   "level": "warning"},
  {"message":
   "GumbelLPP/GridPaths.lean:71:31: aesop: failed to prove the goal after exhaustive search.",
   "level": "warning"},
  {"message":
   "GumbelLPP/GridPaths.lean:72:31: aesop: failed to prove the goal after exhaustive search.",
   "level": "warning"},
  {"message":
   "GumbelLPP/GridPaths.lean:44:8: The `induction'` tactic is discouraged: please strongly consider using `induction` instead.\n\nNote: This linter can be disabled with `set_option linter.style.induction false`",
   "level": "warning"},
  {"message":
   "GumbelLPP/GridPaths.lean:48:10: The `refine'` tactic is discouraged: please strongly consider using `refine` or `apply` instead.\n\nNote: This linter can be disabled with `set_option linter.style.refine false`",
   "level": "warning"},
  {"message":
   "GumbelLPP/GridPaths.lean:49:52: The `induction'` tactic is discouraged: please strongly consider using `induction` instead.\n\nNote: This linter can be disabled with `set_option linter.style.induction false`",
   "level": "warning"},
  {"message":
   "GumbelLPP/GridPaths.lean:59:57: 'simp_all +decide [ Nat.sub_sub ]' is a flexible tactic modifying '⊢'. Try 'simp_all?' and use the suggested 'simp_all only [...]'. Alternatively, use `suffices` to explicitly state the simplified form.\n\nNote: This linter can be disabled with `set_option linter.flexible false`",
   "level": "warning"},
  {"message":
   "GumbelLPP/GridPaths.lean:67:8: 'rw [tsub_add_eq_add_tsub]' uses '⊢'!",
   "level": "info"},
  {"message":
   "GumbelLPP/GridPaths.lean:38:0: This line exceeds the 100 character limit, please shorten it!\n\nNote: This linter can be disabled with `set_option linter.style.longLine false`",
   "level": "warning"},
  {"message":
   "GumbelLPP/GridPaths.lean:39:0: This line exceeds the 100 character limit, please shorten it!\n\nNote: This linter can be disabled with `set_option linter.style.longLine false`",
   "level": "warning"},
  {"message":
   "GumbelLPP/GridPaths.lean:41:0: This line exceeds the 100 character limit, please shorten it!\n\nNote: This linter can be disabled with `set_option linter.style.longLine false`",
   "level": "warning"},
  {"message":
   "GumbelLPP/GridPaths.lean:42:0: This line exceeds the 100 character limit, please shorten it!\n\nNote: This linter can be disabled with `set_option linter.style.longLine false`",
   "level": "warning"},
  {"message":
   "GumbelLPP/GridPaths.lean:47:0: This line exceeds the 100 character limit, please shorten it!\n\nNote: This linter can be disabled with `set_option linter.style.longLine false`",
   "level": "warning"},
  {"message":
   "GumbelLPP/GridPaths.lean:48:0: This line exceeds the 100 character limit, please shorten it!\n\nNote: This linter can be disabled with `set_option linter.style.longLine false`",
   "level": "warning"},
  {"message":
   "GumbelLPP/GridPaths.lean:54:0: This line exceeds the 100 character limit, please shorten it!\n\nNote: This linter can be disabled with `set_option linter.style.longLine false`",
   "level": "warning"},
  {"message":
   "GumbelLPP/GridPaths.lean:57:0: This line exceeds the 100 character limit, please shorten it!\n\nNote: This linter can be disabled with `set_option linter.style.longLine false`",
   "level": "warning"},
  {"message":
   "GumbelLPP/GridPaths.lean:60:0: This line exceeds the 100 character limit, please shorten it!\n\nNote: This linter can be disabled with `set_option linter.style.longLine false`",
   "level": "warning"},
  {"message":
   "GumbelLPP/GridPaths.lean:69:0: This line exceeds the 100 character limit, please shorten it!\n\nNote: This linter can be disabled with `set_option linter.style.longLine false`",
   "level": "warning"},
  {"message":
   "GumbelLPP/GridPaths.lean:84:18: aesop: failed to prove the goal after exhaustive search.",
   "level": "warning"},
  {"message":
   "GumbelLPP/GridPaths.lean:93:44: aesop: failed to prove the goal after exhaustive search.",
   "level": "warning"},
  {"message":
   "GumbelLPP/GridPaths.lean:93:44: aesop: failed to prove the goal after exhaustive search.",
   "level": "warning"},
  {"message":
   "GumbelLPP/GridPaths.lean:96:29: aesop: failed to prove the goal after exhaustive search.",
   "level": "warning"},
  {"message":
   "GumbelLPP/GridPaths.lean:96:29: aesop: failed to prove the goal after exhaustive search.",
   "level": "warning"},
  {"message":
   "GumbelLPP/GridPaths.lean:107:4: aesop: failed to prove the goal after exhaustive search.",
   "level": "warning"},
  {"message":
   "GumbelLPP/GridPaths.lean:111:25: aesop: failed to prove the goal after exhaustive search.",
   "level": "warning"},
  {"message":
   "GumbelLPP/GridPaths.lean:115:53: aesop: failed to prove the goal. Some goals were not explored because the maximum rule application depth (30) was reached. Set option 'maxRuleApplicationDepth' to increase the limit.",
   "level": "warning"},
  {"message":
   "GumbelLPP/GridPaths.lean:82:2: The `induction'` tactic is discouraged: please strongly consider using `induction` instead.\n\nNote: This linter can be disabled with `set_option linter.style.induction false`",
   "level": "warning"},
  {"message":
   "GumbelLPP/GridPaths.lean:85:4: The `induction'` tactic is discouraged: please strongly consider using `induction` instead.\n\nNote: This linter can be disabled with `set_option linter.style.induction false`",
   "level": "warning"},
  {"message":
   "GumbelLPP/GridPaths.lean:85:31: 'simp_all +decide [ List.range_succ ]' is a flexible tactic modifying '⊢'. Try 'simp_all?' and use the suggested 'simp_all only [...]'. Alternatively, use `suffices` to explicitly state the simplified form.\n\nNote: This linter can be disabled with `set_option linter.flexible false`",
   "level": "warning"},
  {"message":
   "GumbelLPP/GridPaths.lean:87:6: 'convert IsValidPath.cons _ _ _ _ _ _ using 1' uses '⊢'!",
   "level": "info"},
  {"message":
   "GumbelLPP/GridPaths.lean:85:31: 'simp_all +decide [ List.range_succ ]' is a flexible tactic modifying '⊢'. Try 'simp_all?' and use the suggested 'simp_all only [...]'. Alternatively, use `suffices` to explicitly state the simplified form.\n\nNote: This linter can be disabled with `set_option linter.flexible false`",
   "level": "warning"},
  {"message": "GumbelLPP/GridPaths.lean:89:6: 'exact (0, 1)' uses '⊢'!",
   "level": "info"},
  {"message":
   "GumbelLPP/GridPaths.lean:85:31: 'simp_all +decide [ List.range_succ ]' is a flexible tactic modifying '⊢'. Try 'simp_all?' and use the suggested 'simp_all only [...]'. Alternatively, use `suffices` to explicitly state the simplified form.\n\nNote: This linter can be disabled with `set_option linter.flexible false`",
   "level": "warning"},
  {"message":
   "GumbelLPP/GridPaths.lean:90:6: 'exact List.map (fun i => ((0, i + 1), 0, i + 2)) (List.range n)' uses '⊢'!",
   "level": "info"},
  {"message":
   "GumbelLPP/GridPaths.lean:85:31: 'simp_all +decide [ List.range_succ ]' is a flexible tactic modifying '⊢'. Try 'simp_all?' and use the suggested 'simp_all only [...]'. Alternatively, use `suffices` to explicitly state the simplified form.\n\nNote: This linter can be disabled with `set_option linter.flexible false`",
   "level": "warning"},
  {"message":
   "GumbelLPP/GridPaths.lean:91:8: 'exact Or.inr ⟨rfl, rfl⟩' uses '⊢'!",
   "level": "info"},
  {"message":
   "GumbelLPP/GridPaths.lean:85:31: 'simp_all +decide [ List.range_succ ]' is a flexible tactic modifying '⊢'. Try 'simp_all?' and use the suggested 'simp_all only [...]'. Alternatively, use `suffices` to explicitly state the simplified form.\n\nNote: This linter can be disabled with `set_option linter.flexible false`",
   "level": "warning"},
  {"message":
   "GumbelLPP/GridPaths.lean:99:8: 'convert h_valid _ _ _ ih using 1' uses '⊢'!",
   "level": "info"},
  {"message":
   "GumbelLPP/GridPaths.lean:85:31: 'simp_all +decide [ List.range_succ ]' is a flexible tactic modifying '⊢'. Try 'simp_all?' and use the suggested 'simp_all only [...]'. Alternatively, use `suffices` to explicitly state the simplified form.\n\nNote: This linter can be disabled with `set_option linter.flexible false`",
   "level": "warning"},
  {"message":
   "GumbelLPP/GridPaths.lean:101:8: 'exact Nat.recOn n (by norm_num) fun n ih => by simp_all +decide [List.range_succ];' uses '⊢'!",
   "level": "info"},
  {"message":
   "GumbelLPP/GridPaths.lean:89:6: The following tactic starts with 5 goals and ends with 4 goals, 4 of which are not operated on.\n  exact (0, 1)\nPlease focus on the current goal, for instance using `·` (typed as \"\\.\").\n\nNote: This linter can be disabled with `set_option linter.style.multiGoal false`",
   "level": "warning"},
  {"message":
   "GumbelLPP/GridPaths.lean:90:6: The following tactic starts with 4 goals and ends with 3 goals, 3 of which are not operated on.\n  exact List.map (fun i => ((0, i + 1), 0, i + 2)) (List.range n)\nPlease focus on the current goal, for instance using `·` (typed as \"\\.\").\n\nNote: This linter can be disabled with `set_option linter.style.multiGoal false`",
   "level": "warning"},
  {"message":
   "GumbelLPP/GridPaths.lean:92:0: This line exceeds the 100 character limit, please shorten it!\n\nNote: This linter can be disabled with `set_option linter.style.longLine false`",
   "level": "warning"},
  {"message":
   "GumbelLPP/GridPaths.lean:106:0: This line exceeds the 100 character limit, please shorten it!\n\nNote: This linter can be disabled with `set_option linter.style.longLine false`",
   "level": "warning"},
  {"message":
   "GumbelLPP/GridPaths.lean:109:0: This line exceeds the 100 character limit, please shorten it!\n\nNote: This linter can be disabled with `set_option linter.style.longLine false`",
   "level": "warning"}],
 "inputs":
 [["GumbelLPP.GridPaths:deps",
   [["deps",
     [["GumbelLPP/GumbelLPP:extraDep",
       [["@GumbelLPP:extraDep", "00000000000006bb"]]],
      ["imports",
       [["GumbelLPP.Imports transitive imports (legacy)", "bdcf9aad6480f85c"],
        ["GumbelLPP.Imports:importAllArts", "aed7eb25c843ebd3"]]]]],
    ["libs",
     [["import dynlibs", "00000000000006bb"],
      ["package external libraries", "00000000000006bb"],
      ["module dynlibs", "00000000000006bb"],
      ["module plugins", "00000000000006bb"]]]]],
  ["Lean 4.27.0, commit 2fcce7258eeb6e324366bc25f9058293b04b7547",
   "6f43b597efea5d4c"],
  ["/home/js/GumbelLPP/GumbelLPP/GridPaths.lean", "b7b4dd2d6540b8e2"],
  ["options",
   [["-DmaxSynthPendingDepth=3", "c78e353d34de85d4"],
    ["-Dweak.linter.mathlibStandardSet=true", "8a155799906f2b42"],
    ["-DrelaxedAutoImplicit=false", "74a2b5546b55be80"],
    ["-Dpp.unicode.fun=true", "9b94070140457fab"]]],
  ["Module.leanArgs: #[]", "00000000000006bb"]],
 "depHash": "f57611d9e4be3c28"}