{"synthetic": false,
 "schemaVersion": "2025-09-10",
 "outputs":
 {"o": ["72b34c3040aaaeec.olean"],
  "i": "8d5d58cce2a26536.ilean",
  "c": "2e232c7e5f506cce.c"},
 "log":
 [{"message":
   ".> LEAN_PATH=/home/js/GumbelLPP/.lake/packages/batteries/.lake/build/lib/lean:/home/js/GumbelLPP/.lake/packages/Qq/.lake/build/lib/lean:/home/js/GumbelLPP/.lake/packages/aesop/.lake/build/lib/lean:/home/js/GumbelLPP/.lake/packages/proofwidgets/.lake/build/lib/lean:/home/js/GumbelLPP/.lake/packages/importGraph/.lake/build/lib/lean:/home/js/GumbelLPP/.lake/packages/LeanSearchClient/.lake/build/lib/lean:/home/js/GumbelLPP/.lake/packages/plausible/.lake/build/lib/lean:/home/js/GumbelLPP/.lake/packages/MD4Lean/.lake/build/lib/lean:/home/js/GumbelLPP/.lake/packages/BibtexQuery/.lake/build/lib/lean:/home/js/GumbelLPP/.lake/packages/UnicodeBasic/.lake/build/lib/lean:/home/js/GumbelLPP/.lake/packages/Cli/.lake/build/lib/lean:/home/js/GumbelLPP/.lake/packages/mathlib/.lake/build/lib/lean:/home/js/GumbelLPP/.lake/packages/checkdecls/.lake/build/lib/lean:/home/js/GumbelLPP/.lake/packages/doc-gen4/.lake/build/lib/lean:/home/js/GumbelLPP/.lake/build/lib/lean /home/js/.elan/toolchains/leanprover--lean4---v4.27.0-rc1/bin/lean /home/js/GumbelLPP/GumbelLPP/GumbelLPP.lean -o /home/js/GumbelLPP/.lake/build/lib/lean/GumbelLPP/GumbelLPP.olean -i /home/js/GumbelLPP/.lake/build/lib/lean/GumbelLPP/GumbelLPP.ilean -c /home/js/GumbelLPP/.lake/build/ir/GumbelLPP/GumbelLPP.c --setup /home/js/GumbelLPP/.lake/build/ir/GumbelLPP/GumbelLPP.setup.json --json",
   "level": "trace"},
  {"message":
   "GumbelLPP/GumbelLPP.lean:67:297: Try this:\n  [apply] ring_nf\n  \n  The `ring` tactic failed to close the goal. Use `ring_nf` to obtain a normal form.\n    \n  Note that `ring` works primarily in *commutative* rings. If you have a noncommutative ring, abelian group or module, consider using `noncomm_ring`, `abel` or `module` instead.",
   "level": "info"},
  {"message":
   "GumbelLPP/GumbelLPP.lean:68:423: Try this:\n  [apply] ring_nf\n  \n  The `ring` tactic failed to close the goal. Use `ring_nf` to obtain a normal form.\n    \n  Note that `ring` works primarily in *commutative* rings. If you have a noncommutative ring, abelian group or module, consider using `noncomm_ring`, `abel` or `module` instead.",
   "level": "info"},
  {"message":
   "GumbelLPP/GumbelLPP.lean:73:223: Try this:\n  [apply] ring_nf\n  \n  The `ring` tactic failed to close the goal. Use `ring_nf` to obtain a normal form.\n    \n  Note that `ring` works primarily in *commutative* rings. If you have a noncommutative ring, abelian group or module, consider using `noncomm_ring`, `abel` or `module` instead.",
   "level": "info"},
  {"message":
   "GumbelLPP/GumbelLPP.lean:75:12: aesop: failed to prove the goal after exhaustive search.",
   "level": "warning"},
  {"message":
   "GumbelLPP/GumbelLPP.lean:83:8: aesop: failed to prove the goal after exhaustive search.",
   "level": "warning"},
  {"message":
   "GumbelLPP/GumbelLPP.lean:85:81: aesop: failed to prove the goal after exhaustive search.",
   "level": "warning"},
  {"message":
   "GumbelLPP/GumbelLPP.lean:86:393: aesop: failed to prove the goal after exhaustive search.",
   "level": "warning"},
  {"message":
   "GumbelLPP/GumbelLPP.lean:88:8: aesop: failed to prove the goal after exhaustive search.",
   "level": "warning"},
  {"message":
   "GumbelLPP/GumbelLPP.lean:110:48: aesop: failed to prove the goal after exhaustive search.",
   "level": "warning"},
  {"message":
   "GumbelLPP/GumbelLPP.lean:110:48: aesop: failed to prove the goal after exhaustive search.",
   "level": "warning"},
  {"message":
   "GumbelLPP/GumbelLPP.lean:111:41: aesop: failed to prove the goal after exhaustive search.",
   "level": "warning"},
  {"message":
   "GumbelLPP/GumbelLPP.lean:111:41: aesop: failed to prove the goal after exhaustive search.",
   "level": "warning"},
  {"message":
   "GumbelLPP/GumbelLPP.lean:126:481: `differentiable_id'` has been deprecated: Use `differentiable_fun_id` instead",
   "level": "warning"},
  {"message":
   "GumbelLPP/GumbelLPP.lean:127:38: aesop: failed to prove the goal after exhaustive search.",
   "level": "warning"}],
 "inputs":
 [["GumbelLPP.GumbelLPP:deps",
   [["deps",
     [["GumbelLPP/GumbelLPP:extraDep",
       [["@GumbelLPP:extraDep", "00000000000006bb"]]],
      ["imports",
       [["Mathlib.Analysis.SpecialFunctions.ExpDeriv transitive imports (legacy)",
         "773e3f5c5baafeed"],
        ["Mathlib.Analysis.SpecialFunctions.ExpDeriv:importAllArts",
         "72811d98ce0a8922"],
        ["Mathlib.Analysis.SpecialFunctions.Log.Deriv transitive imports (legacy)",
         "7b479b2ffa704185"],
        ["Mathlib.Analysis.SpecialFunctions.Log.Deriv:importAllArts",
         "bc9a38405ca6cdec"],
        ["Mathlib.Analysis.Convex.Deriv transitive imports (legacy)",
         "d6234147b29b0de2"],
        ["Mathlib.Analysis.Convex.Deriv:importAllArts", "4672ef501af6b625"],
        ["Mathlib.Analysis.Calculus.MeanValue transitive imports (legacy)",
         "d074fcfcb5268025"],
        ["Mathlib.Analysis.Calculus.MeanValue:importAllArts",
         "d884a4490273fc8a"],
        ["Mathlib.Tactic.Linarith transitive imports (legacy)",
         "c4f396fb77640923"],
        ["Mathlib.Tactic.Linarith:importAllArts", "5abc7815f762342e"],
        ["Mathlib.Tactic.FieldSimp transitive imports (legacy)",
         "fbf87b484bef023b"],
        ["Mathlib.Tactic.FieldSimp:importAllArts", "1333e06541ae5236"],
        ["Mathlib.Tactic.FunProp transitive imports (legacy)",
         "1354b3986b2106f7"],
        ["Mathlib.Tactic.FunProp:importAllArts", "836629c7db8bdc6c"],
        ["Mathlib.Tactic.GCongr transitive imports (legacy)",
         "c934cb9eac475797"],
        ["Mathlib.Tactic.GCongr:importAllArts", "166089a81d3dc794"],
        ["Mathlib.Tactic.Ring transitive imports (legacy)", "b7af0ebfdd33be94"],
        ["Mathlib.Tactic.Ring:importAllArts", "36771f77e5eeb28d"],
        ["Mathlib.Tactic.NormNum transitive imports (legacy)",
         "e2e448d51b4956b6"],
        ["Mathlib.Tactic.NormNum:importAllArts", "bd6460ed821df6d0"],
        ["Mathlib.Tactic.Positivity transitive imports (legacy)",
         "6bf0ae7832a0a197"],
        ["Mathlib.Tactic.Positivity:importAllArts", "02b9d1cbafce4fd0"],
        ["Aesop transitive imports (legacy)", "4b60ab967061d351"],
        ["Aesop:importAllArts", "eb7425d9d3826981"]]]]],
    ["libs",
     [["import dynlibs", "00000000000006bb"],
      ["package external libraries", "00000000000006bb"],
      ["module dynlibs", "00000000000006bb"],
      ["module plugins", "00000000000006bb"]]]]],
  ["Lean 4.27.0, commit 2fcce7258eeb6e324366bc25f9058293b04b7547",
   "6f43b597efea5d4c"],
  ["/home/js/GumbelLPP/GumbelLPP/GumbelLPP.lean", "20f4aa61b8f55ea4"],
  ["options",
   [["-DmaxSynthPendingDepth=3", "c78e353d34de85d4"],
    ["-Dweak.linter.mathlibStandardSet=true", "8a155799906f2b42"],
    ["-DrelaxedAutoImplicit=false", "74a2b5546b55be80"],
    ["-Dpp.unicode.fun=true", "9b94070140457fab"]]],
  ["Module.leanArgs: #[]", "00000000000006bb"]],
 "depHash": "28c19b3d14a9cb39"}