{"synthetic": false,
 "schemaVersion": "2025-09-10",
 "outputs":
 {"o": ["99110ec55c2a3016.olean"],
  "i": "092e8f4f197274b8.ilean",
  "c": "a73027f27fb00bee.c"},
 "log":
 [{"message":
   ".> LEAN_PATH=/home/js/GumbelLPP/.lake/packages/batteries/.lake/build/lib/lean:/home/js/GumbelLPP/.lake/packages/Qq/.lake/build/lib/lean:/home/js/GumbelLPP/.lake/packages/aesop/.lake/build/lib/lean:/home/js/GumbelLPP/.lake/packages/proofwidgets/.lake/build/lib/lean:/home/js/GumbelLPP/.lake/packages/importGraph/.lake/build/lib/lean:/home/js/GumbelLPP/.lake/packages/LeanSearchClient/.lake/build/lib/lean:/home/js/GumbelLPP/.lake/packages/plausible/.lake/build/lib/lean:/home/js/GumbelLPP/.lake/packages/MD4Lean/.lake/build/lib/lean:/home/js/GumbelLPP/.lake/packages/BibtexQuery/.lake/build/lib/lean:/home/js/GumbelLPP/.lake/packages/UnicodeBasic/.lake/build/lib/lean:/home/js/GumbelLPP/.lake/packages/Cli/.lake/build/lib/lean:/home/js/GumbelLPP/.lake/packages/mathlib/.lake/build/lib/lean:/home/js/GumbelLPP/.lake/packages/checkdecls/.lake/build/lib/lean:/home/js/GumbelLPP/.lake/packages/doc-gen4/.lake/build/lib/lean:/home/js/GumbelLPP/.lake/build/lib/lean /home/js/.elan/toolchains/leanprover--lean4---v4.27.0-rc1/bin/lean /home/js/GumbelLPP/GumbelLPP/PerturbationBounds.lean -o /home/js/GumbelLPP/.lake/build/lib/lean/GumbelLPP/PerturbationBounds.olean -i /home/js/GumbelLPP/.lake/build/lib/lean/GumbelLPP/PerturbationBounds.ilean -c /home/js/GumbelLPP/.lake/build/ir/GumbelLPP/PerturbationBounds.c --setup /home/js/GumbelLPP/.lake/build/ir/GumbelLPP/PerturbationBounds.setup.json --json",
   "level": "trace"},
  {"message":
   "GumbelLPP/PerturbationBounds.lean:23:6: aesop: failed to prove the goal after exhaustive search.",
   "level": "warning"},
  {"message":
   "GumbelLPP/PerturbationBounds.lean:25:0: This line exceeds the 100 character limit, please shorten it!\n\nNote: This linter can be disabled with `set_option linter.style.longLine false`",
   "level": "warning"},
  {"message":
   "GumbelLPP/PerturbationBounds.lean:26:0: This line exceeds the 100 character limit, please shorten it!\n\nNote: This linter can be disabled with `set_option linter.style.longLine false`",
   "level": "warning"}],
 "inputs":
 [["GumbelLPP.PerturbationBounds:deps",
   [["deps",
     [["GumbelLPP/GumbelLPP:extraDep",
       [["@GumbelLPP:extraDep", "00000000000006bb"]]],
      ["imports",
       [["GumbelLPP.Imports transitive imports (legacy)", "bdcf9aad6480f85c"],
        ["GumbelLPP.Imports:importAllArts", "aed7eb25c843ebd3"]]]]],
    ["libs",
     [["import dynlibs", "00000000000006bb"],
      ["package external libraries", "00000000000006bb"],
      ["module dynlibs", "00000000000006bb"],
      ["module plugins", "00000000000006bb"]]]]],
  ["Lean 4.27.0, commit 2fcce7258eeb6e324366bc25f9058293b04b7547",
   "6f43b597efea5d4c"],
  ["/home/js/GumbelLPP/GumbelLPP/PerturbationBounds.lean", "f77ff036da4bac3c"],
  ["options",
   [["-DmaxSynthPendingDepth=3", "c78e353d34de85d4"],
    ["-Dweak.linter.mathlibStandardSet=true", "8a155799906f2b42"],
    ["-DrelaxedAutoImplicit=false", "74a2b5546b55be80"],
    ["-Dpp.unicode.fun=true", "9b94070140457fab"]]],
  ["Module.leanArgs: #[]", "00000000000006bb"]],
 "depHash": "efddcfbd6fe9700f"}